# JRE version: Java(TM) SE Runtime Environment (8.0_91-b15) (build 1.8.0_91-b15)
# Java VM: Java HotSpot(TM) 64-Bit Server VM (25.91-b15 mixed mode windows-amd64 compressed oops)
Heap:
 PSYoungGen      total 135168K, used 125775K [0x000000076b200000, 0x0000000776d80000, 0x00000007c0000000)
  eden space 124416K, 96% used [0x000000076b200000,0x00000007726caf28,0x0000000772b80000)
  from space 10752K, 57% used [0x0000000772b80000,0x0000000773188f08,0x0000000773600000)
  to   space 10752K, 0% used [0x0000000776300000,0x0000000776300000,0x0000000776d80000)
 ParOldGen       total 101888K, used 9205K [0x00000006c1600000, 0x00000006c7980000, 0x000000076b200000)
  object space 101888K, 9% used [0x00000006c1600000,0x00000006c1efd728,0x00000006c7980000)
 Metaspace       used 32502K, capacity 34078K, committed 34352K, reserved 1079296K
  class space    used 4251K, capacity 4551K, committed 4656K, reserved 1048576K
GC Heap History (10 events):
Event: 1.799 GC heap before
{Heap before GC invocations=2 (full 0):
 PSYoungGen      total 76288K, used 70307K [0x000000076b200000, 0x0000000770700000, 0x00000007c0000000)
  eden space 65536K, 100% used [0x000000076b200000,0x000000076f200000,0x000000076f200000)
  from space 10752K, 44% used [0x000000076f200000,0x000000076f6a8c28,0x000000076fc80000)
  to   space 10752K, 0% used [0x000000076fc80000,0x000000076fc80000,0x0000000770700000)
 ParOldGen       total 175104K, used 16K [0x00000006c1600000, 0x00000006cc100000, 0x000000076b200000)
  object space 175104K, 0% used [0x00000006c1600000,0x00000006c1604000,0x00000006cc100000)
 Metaspace       used 14997K, capacity 15572K, committed 15744K, reserved 1062912K
  class space    used 1979K, capacity 2134K, committed 2176K, reserved 1048576K
Event: 1.811 GC heap after
Heap after GC invocations=2 (full 0):
 PSYoungGen      total 76288K, used 8062K [0x000000076b200000, 0x0000000774700000, 0x00000007c0000000)
  eden space 65536K, 0% used [0x000000076b200000,0x000000076b200000,0x000000076f200000)
  from space 10752K, 74% used [0x000000076fc80000,0x000000077045fb28,0x0000000770700000)
  to   space 10752K, 0% used [0x000000076f200000,0x000000076f200000,0x000000076fc80000)
 ParOldGen       total 175104K, used 24K [0x00000006c1600000, 0x00000006cc100000, 0x000000076b200000)
  object space 175104K, 0% used [0x00000006c1600000,0x00000006c1606000,0x00000006cc100000)
 Metaspace       used 14997K, capacity 15572K, committed 15744K, reserved 1062912K
  class space    used 1979K, capacity 2134K, committed 2176K, reserved 1048576K
}
Event: 2.174 GC heap before
{Heap before GC invocations=3 (full 0):
 PSYoungGen      total 76288K, used 54666K [0x000000076b200000, 0x0000000774700000, 0x00000007c0000000)
  eden space 65536K, 71% used [0x000000076b200000,0x000000076df82f08,0x000000076f200000)
  from space 10752K, 74% used [0x000000076fc80000,0x000000077045fb28,0x0000000770700000)
  to   space 10752K, 0% used [0x000000076f200000,0x000000076f200000,0x000000076fc80000)
 ParOldGen       total 175104K, used 24K [0x00000006c1600000, 0x00000006cc100000, 0x000000076b200000)
  object space 175104K, 0% used [0x00000006c1600000,0x00000006c1606000,0x00000006cc100000)
 Metaspace       used 20563K, capacity 21218K, committed 21296K, reserved 1067008K
  class space    used 2656K, capacity 2825K, committed 2864K, reserved 1048576K
Event: 2.181 GC heap after
Heap after GC invocations=3 (full 0):
 PSYoungGen      total 76288K, used 9586K [0x000000076b200000, 0x0000000774700000, 0x00000007c0000000)
  eden space 65536K, 0% used [0x000000076b200000,0x000000076b200000,0x000000076f200000)
  from space 10752K, 89% used [0x000000076f200000,0x000000076fb5c9d0,0x000000076fc80000)
  to   space 10752K, 0% used [0x0000000773c80000,0x0000000773c80000,0x0000000774700000)
 ParOldGen       total 175104K, used 32K [0x00000006c1600000, 0x00000006cc100000, 0x000000076b200000)
  object space 175104K, 0% used [0x00000006c1600000,0x00000006c1608000,0x00000006cc100000)
 Metaspace       used 20563K, capacity 21218K, committed 21296K, reserved 1067008K
  class space    used 2656K, capacity 2825K, committed 2864K, reserved 1048576K
}
Event: 2.181 GC heap before
{Heap before GC invocations=4 (full 1):
 PSYoungGen      total 76288K, used 9586K [0x000000076b200000, 0x0000000774700000, 0x00000007c0000000)
  eden space 65536K, 0% used [0x000000076b200000,0x000000076b200000,0x000000076f200000)
  from space 10752K, 89% used [0x000000076f200000,0x000000076fb5c9d0,0x000000076fc80000)
  to   space 10752K, 0% used [0x0000000773c80000,0x0000000773c80000,0x0000000774700000)
 ParOldGen       total 175104K, used 32K [0x00000006c1600000, 0x00000006cc100000, 0x000000076b200000)
  object space 175104K, 0% used [0x00000006c1600000,0x00000006c1608000,0x00000006cc100000)
 Metaspace       used 20563K, capacity 21218K, committed 21296K, reserved 1067008K
  class space    used 2656K, capacity 2825K, committed 2864K, reserved 1048576K
Event: 2.206 GC heap after
Heap after GC invocations=4 (full 1):
 PSYoungGen      total 76288K, used 0K [0x000000076b200000, 0x0000000774700000, 0x00000007c0000000)
  eden space 65536K, 0% used [0x000000076b200000,0x000000076b200000,0x000000076f200000)
  from space 10752K, 0% used [0x000000076f200000,0x000000076f200000,0x000000076fc80000)
  to   space 10752K, 0% used [0x0000000773c80000,0x0000000773c80000,0x0000000774700000)
 ParOldGen       total 101888K, used 9189K [0x00000006c1600000, 0x00000006c7980000, 0x000000076b200000)
  object space 101888K, 9% used [0x00000006c1600000,0x00000006c1ef9728,0x00000006c7980000)
 Metaspace       used 20560K, capacity 21210K, committed 21296K, reserved 1067008K
  class space    used 2654K, capacity 2823K, committed 2864K, reserved 1048576K
}
Event: 2.501 GC heap before
{Heap before GC invocations=5 (full 1):
 PSYoungGen      total 76288K, used 65536K [0x000000076b200000, 0x0000000774700000, 0x00000007c0000000)
  eden space 65536K, 100% used [0x000000076b200000,0x000000076f200000,0x000000076f200000)
  from space 10752K, 0% used [0x000000076f200000,0x000000076f200000,0x000000076fc80000)
  to   space 10752K, 0% used [0x0000000773c80000,0x0000000773c80000,0x0000000774700000)
 ParOldGen       total 101888K, used 9189K [0x00000006c1600000, 0x00000006c7980000, 0x000000076b200000)
  object space 101888K, 9% used [0x00000006c1600000,0x00000006c1ef9728,0x00000006c7980000)
 Metaspace       used 22471K, capacity 23276K, committed 23344K, reserved 1069056K
  class space    used 2922K, capacity 3110K, committed 3120K, reserved 1048576K
Event: 2.508 GC heap after
Heap after GC invocations=5 (full 1):
 PSYoungGen      total 109056K, used 3834K [0x000000076b200000, 0x0000000774080000, 0x00000007c0000000)
  eden space 104960K, 0% used [0x000000076b200000,0x000000076b200000,0x0000000771880000)
  from space 4096K, 93% used [0x0000000773c80000,0x000000077403e880,0x0000000774080000)
  to   space 10752K, 0% used [0x0000000772b80000,0x0000000772b80000,0x0000000773600000)
 ParOldGen       total 101888K, used 9197K [0x00000006c1600000, 0x00000006c7980000, 0x000000076b200000)
  object space 101888K, 9% used [0x00000006c1600000,0x00000006c1efb728,0x00000006c7980000)
 Metaspace       used 22471K, capacity 23276K, committed 23344K, reserved 1069056K
  class space    used 2922K, capacity 3110K, committed 3120K, reserved 1048576K
}
Event: 3.032 GC heap before
{Heap before GC invocations=6 (full 1):
 PSYoungGen      total 109056K, used 108794K [0x000000076b200000, 0x0000000774080000, 0x00000007c0000000)
  eden space 104960K, 100% used [0x000000076b200000,0x0000000771880000,0x0000000771880000)
  from space 4096K, 93% used [0x0000000773c80000,0x000000077403e880,0x0000000774080000)
  to   space 10752K, 0% used [0x0000000772b80000,0x0000000772b80000,0x0000000773600000)
 ParOldGen       total 101888K, used 9197K [0x00000006c1600000, 0x00000006c7980000, 0x000000076b200000)
  object space 101888K, 9% used [0x00000006c1600000,0x00000006c1efb728,0x00000006c7980000)
 Metaspace       used 25343K, capacity 26292K, committed 26416K, reserved 1073152K
  class space    used 3290K, capacity 3524K, committed 3632K, reserved 1048576K
Event: 3.045 GC heap after
Heap after GC invocations=6 (full 1):
 PSYoungGen      total 135168K, used 6179K [0x000000076b200000, 0x0000000776d80000, 0x00000007c0000000)
  eden space 124416K, 0% used [0x000000076b200000,0x000000076b200000,0x0000000772b80000)
  from space 10752K, 57% used [0x0000000772b80000,0x0000000773188f08,0x0000000773600000)
  to   space 10752K, 0% used [0x0000000776300000,0x0000000776300000,0x0000000776d80000)
 ParOldGen       total 101888K, used 9205K [0x00000006c1600000, 0x00000006c7980000, 0x000000076b200000)
  object space 101888K, 9% used [0x00000006c1600000,0x00000006c1efd728,0x00000006c7980000)
 Metaspace       used 25343K, capacity 26292K, committed 26416K, reserved 1073152K
  class space    used 3290K, capacity 3524K, committed 3632K, reserved 1048576K
}

